0.5 0.910714 0.910714 0.5 0.910714 0.5 0.5 0.910714 0.910714 0.5 0.5 0.910714 0.5 0.910714 0.910714 0.5 
0.25 0.709325 0.741071 0.503968 0.709325 0.25 0.503968 0.741071 0.741071 0.503968 0.25 0.709325 0.503968 0.741071 0.709325 0.25 
0.125 0.465774 0.731647 0.501984 0.465774 0.125 0.501984 0.731647 0.731647 0.501984 0.125 0.465774 0.501984 0.731647 0.465774 0.125 
0.0625 0.542411 0.766256 0.341901 0.542411 0.0625 0.341901 0.766256 0.766256 0.341901 0.0625 0.542411 0.341901 0.766256 0.542411 0.0625 
0.03125 0.414062 0.793842 0.438808 0.414062 0.03125 0.438808 0.793842 0.793842 0.438808 0.03125 0.414062 0.438808 0.793842 0.414062 0.03125 
0.015625 0.461 0.793747 0.362261 0.461 0.015625 0.362261 0.793747 0.793747 0.362261 0.015625 0.461 0.362261 0.793747 0.461 0.015625 
0.0078125 0.373357 0.773497 0.414897 0.373357 0.0078125 0.414897 0.773497 0.773497 0.414897 0.0078125 0.373357 0.414897 0.773497 0.373357 0.0078125 
0.00390625 0.39779 0.588769 0.398357 0.39779 0.00390625 0.398357 0.588769 0.588769 0.398357 0.00390625 0.39779 0.398357 0.588769 0.39779 0.00390625 
0.00195312 0.198895 0.662241 0.567036 0.198895 0.00195312 0.567036 0.662241 0.662241 0.567036 0.00195312 0.198895 0.567036 0.662241 0.198895 0.00195312 
0.000976562 0.0994474 0.698978 0.651375 0.0994474 0.000976562 0.651375 0.698978 0.698978 0.651375 0.000976562 0.0994474 0.651375 0.698978 0.0994474 0.000976562 
0.000488281 0.192581 0.708255 0.541597 0.192581 0.000488281 0.541597 0.708255 0.708255 0.541597 0.000488281 0.192581 0.541597 0.708255 0.192581 0.000488281 
0.000244141 0.0962904 0.695037 0.611707 0.0962904 0.000244141 0.611707 0.695037 0.695037 0.611707 0.000244141 0.0962904 0.611707 0.695037 0.0962904 0.000244141 
0.00012207 0.0481452 0.672518 0.630854 0.0481452 0.00012207 0.630854 0.672518 0.672518 0.630854 0.00012207 0.0481452 0.630854 0.672518 0.0481452 0.00012207 
6.10352e-05 0.0240726 0.670025 0.649193 0.0240726 6.10352e-05 0.649193 0.670025 0.670025 0.649193 6.10352e-05 0.0240726 0.649193 0.670025 0.0240726 6.10352e-05 
3.05176e-05 0.0120363 0.650922 0.640506 0.0120363 3.05176e-05 0.640506 0.650922 0.650922 0.640506 3.05176e-05 0.0120363 0.640506 0.650922 0.0120363 3.05176e-05 
1.52588e-05 0.00601815 0.66637 0.661162 0.00601815 1.52588e-05 0.661162 0.66637 0.66637 0.661162 1.52588e-05 0.00601815 0.661162 0.66637 0.00601815 1.52588e-05 
7.62939e-06 0.00300908 0.649094 0.64649 0.00300908 7.62939e-06 0.64649 0.649094 0.649094 0.64649 7.62939e-06 0.00300908 0.64649 0.649094 0.00300908 7.62939e-06 
3.8147e-06 0.00150454 0.717404 0.716102 0.00150454 3.8147e-06 0.716102 0.717404 0.717404 0.716102 3.8147e-06 0.00150454 0.716102 0.717404 0.00150454 3.8147e-06 
1.90735e-06 0.000752269 0.717468 0.716817 0.000752269 1.90735e-06 0.716817 0.717468 0.717468 0.716817 1.90735e-06 0.000752269 0.716817 0.717468 0.000752269 1.90735e-06 
9.53674e-07 0.000376134 0.726591 0.726266 0.000376134 9.53674e-07 0.726266 0.726591 0.726591 0.726266 9.53674e-07 0.000376134 0.726266 0.726591 0.000376134 9.53674e-07 
4.76837e-07 0.000188067 0.654205 0.654042 0.000188067 4.76837e-07 0.654042 0.654205 0.654205 0.654042 4.76837e-07 0.000188067 0.654042 0.654205 0.000188067 4.76837e-07 
2.38419e-07 9.40336e-05 0.651778 0.651696 9.40336e-05 2.38419e-07 0.651696 0.651778 0.651778 0.651696 2.38419e-07 9.40336e-05 0.651696 0.651778 9.40336e-05 2.38419e-07 
1.19209e-07 4.70168e-05 0.684655 0.684614 4.70168e-05 1.19209e-07 0.684614 0.684655 0.684655 0.684614 1.19209e-07 4.70168e-05 0.684614 0.684655 4.70168e-05 1.19209e-07 
5.96046e-08 2.35084e-05 0.718951 0.718931 2.35084e-05 5.96046e-08 0.718931 0.718951 0.718951 0.718931 5.96046e-08 2.35084e-05 0.718931 0.718951 2.35084e-05 5.96046e-08 
2.98023e-08 1.17542e-05 0.727333 0.727322 1.17542e-05 2.98023e-08 0.727322 0.727333 0.727333 0.727322 2.98023e-08 1.17542e-05 0.727322 0.727333 1.17542e-05 2.98023e-08 
1.49012e-08 5.8771e-06 0.670484 0.670479 5.8771e-06 1.49012e-08 0.670479 0.670484 0.670484 0.670479 1.49012e-08 5.8771e-06 0.670479 0.670484 5.8771e-06 1.49012e-08 
7.45058e-09 2.93855e-06 0.694008 0.694006 2.93855e-06 7.45058e-09 0.694006 0.694008 0.694008 0.694006 7.45058e-09 2.93855e-06 0.694006 0.694008 2.93855e-06 7.45058e-09 
3.72529e-09 1.46928e-06 0.662913 0.662912 1.46928e-06 3.72529e-09 0.662912 0.662913 0.662913 0.662912 3.72529e-09 1.46928e-06 0.662912 0.662913 1.46928e-06 3.72529e-09 
1.86265e-09 7.34638e-07 0.742171 0.74217 7.34638e-07 1.86265e-09 0.74217 0.742171 0.742171 0.74217 1.86265e-09 7.34638e-07 0.74217 0.742171 7.34638e-07 1.86265e-09 
9.31323e-10 3.67319e-07 0.799657 0.799657 3.67319e-07 9.31323e-10 0.799657 0.799657 0.799657 0.799657 9.31323e-10 3.67319e-07 0.799657 0.799657 3.67319e-07 9.31323e-10 
4.65661e-10 1.83659e-07 0.758595 0.758595 1.83659e-07 4.65661e-10 0.758595 0.758595 0.758595 0.758595 4.65661e-10 1.83659e-07 0.758595 0.758595 1.83659e-07 4.65661e-10 
2.32831e-10 9.18297e-08 0.738064 0.738063 9.18297e-08 2.32831e-10 0.738063 0.738064 0.738064 0.738063 2.32831e-10 9.18297e-08 0.738063 0.738064 9.18297e-08 2.32831e-10 
1.16415e-10 4.59148e-08 0.761889 0.761889 4.59148e-08 1.16415e-10 0.761889 0.761889 0.761889 0.761889 1.16415e-10 4.59148e-08 0.761889 0.761889 4.59148e-08 1.16415e-10 
5.82077e-11 2.29574e-08 0.687763 0.687763 2.29574e-08 5.82077e-11 0.687763 0.687763 0.687763 0.687763 5.82077e-11 2.29574e-08 0.687763 0.687763 2.29574e-08 5.82077e-11 
2.91038e-11 1.14787e-08 0.63479 0.63479 1.14787e-08 2.91038e-11 0.63479 0.63479 0.63479 0.63479 2.91038e-11 1.14787e-08 0.63479 0.63479 1.14787e-08 2.91038e-11 
1.45519e-11 5.73936e-09 0.710252 0.710252 5.73936e-09 1.45519e-11 0.710252 0.710252 0.710252 0.710252 1.45519e-11 5.73936e-09 0.710252 0.710252 5.73936e-09 1.45519e-11 
7.27596e-12 2.86968e-09 0.713892 0.713892 2.86968e-09 7.27596e-12 0.713892 0.713892 0.713892 0.713892 7.27596e-12 2.86968e-09 0.713892 0.713892 2.86968e-09 7.27596e-12 
3.63798e-12 1.43484e-09 0.73357 0.73357 1.43484e-09 3.63798e-12 0.73357 0.73357 0.73357 0.73357 3.63798e-12 1.43484e-09 0.73357 0.73357 1.43484e-09 3.63798e-12 
1.81899e-12 7.1742e-10 0.725551 0.725551 7.1742e-10 1.81899e-12 0.725551 0.725551 0.725551 0.725551 1.81899e-12 7.1742e-10 0.725551 0.725551 7.1742e-10 1.81899e-12 
9.09495e-13 3.5871e-10 0.739399 0.739399 3.5871e-10 9.09495e-13 0.739399 0.739399 0.739399 0.739399 9.09495e-13 3.5871e-10 0.739399 0.739399 3.5871e-10 9.09495e-13 
4.54747e-13 1.79355e-10 0.728466 0.728466 1.79355e-10 4.54747e-13 0.728466 0.728466 0.728466 0.728466 4.54747e-13 1.79355e-10 0.728466 0.728466 1.79355e-10 4.54747e-13 
2.27374e-13 8.96774e-11 0.722999 0.722999 8.96774e-11 2.27374e-13 0.722999 0.722999 0.722999 0.722999 2.27374e-13 8.96774e-11 0.722999 0.722999 8.96774e-11 2.27374e-13 
1.13687e-13 4.48387e-11 0.668318 0.668318 4.48387e-11 1.13687e-13 0.668318 0.668318 0.668318 0.668318 1.13687e-13 4.48387e-11 0.668318 0.668318 4.48387e-11 1.13687e-13 
5.68434e-14 2.24194e-11 0.658834 0.658834 2.24194e-11 5.68434e-14 0.658834 0.658834 0.658834 0.658834 5.68434e-14 2.24194e-11 0.658834 0.658834 2.24194e-11 5.68434e-14 
2.84217e-14 1.12097e-11 0.688183 0.688183 1.12097e-11 2.84217e-14 0.688183 0.688183 0.688183 0.688183 2.84217e-14 1.12097e-11 0.688183 0.688183 1.12097e-11 2.84217e-14 
1.42109e-14 5.60484e-12 0.720715 0.720715 5.60484e-12 1.42109e-14 0.720715 0.720715 0.720715 0.720715 1.42109e-14 5.60484e-12 0.720715 0.720715 5.60484e-12 1.42109e-14 
7.10543e-15 2.80242e-12 0.728215 0.728215 2.80242e-12 7.10543e-15 0.728215 0.728215 0.728215 0.728215 7.10543e-15 2.80242e-12 0.728215 0.728215 2.80242e-12 7.10543e-15 
3.55271e-15 1.40121e-12 0.749822 0.749822 1.40121e-12 3.55271e-15 0.749822 0.749822 0.749822 0.749822 3.55271e-15 1.40121e-12 0.749822 0.749822 1.40121e-12 3.55271e-15 
1.77636e-15 7.00605e-13 0.742768 0.742768 7.00605e-13 1.77636e-15 0.742768 0.742768 0.742768 0.742768 1.77636e-15 7.00605e-13 0.742768 0.742768 7.00605e-13 1.77636e-15 
8.88178e-16 3.50303e-13 0.687293 0.687293 3.50303e-13 8.88178e-16 0.687293 0.687293 0.687293 0.687293 8.88178e-16 3.50303e-13 0.687293 0.687293 3.50303e-13 8.88178e-16 
4.44089e-16 1.75151e-13 0.650465 0.650465 1.75151e-13 4.44089e-16 0.650465 0.650465 0.650465 0.650465 4.44089e-16 1.75151e-13 0.650465 0.650465 1.75151e-13 4.44089e-16 
2.22045e-16 8.75756e-14 0.666141 0.666141 8.75756e-14 2.22045e-16 0.666141 0.666141 0.666141 0.666141 2.22045e-16 8.75756e-14 0.666141 0.666141 8.75756e-14 2.22045e-16 
1.11022e-16 4.37878e-14 0.657746 0.657746 4.37878e-14 1.11022e-16 0.657746 0.657746 0.657746 0.657746 1.11022e-16 4.37878e-14 0.657746 0.657746 4.37878e-14 1.11022e-16 
5.55112e-17 2.18939e-14 0.757444 0.757444 2.18939e-14 5.55112e-17 0.757444 0.757444 0.757444 0.757444 5.55112e-17 2.18939e-14 0.757444 0.757444 2.18939e-14 5.55112e-17 
2.77556e-17 1.0947e-14 0.789437 0.789437 1.0947e-14 2.77556e-17 0.789437 0.789437 0.789437 0.789437 2.77556e-17 1.0947e-14 0.789437 0.789437 1.0947e-14 2.77556e-17 
1.38778e-17 5.47348e-15 0.82329 0.82329 5.47348e-15 1.38778e-17 0.82329 0.82329 0.82329 0.82329 1.38778e-17 5.47348e-15 0.82329 0.82329 5.47348e-15 1.38778e-17 
6.93889e-18 2.73674e-15 0.822359 0.822359 2.73674e-15 6.93889e-18 0.822359 0.822359 0.822359 0.822359 6.93889e-18 2.73674e-15 0.822359 0.822359 2.73674e-15 6.93889e-18 
3.46945e-18 1.36837e-15 0.754037 0.754037 1.36837e-15 3.46945e-18 0.754037 0.754037 0.754037 0.754037 3.46945e-18 1.36837e-15 0.754037 0.754037 1.36837e-15 3.46945e-18 
1.73472e-18 6.84185e-16 0.744875 0.744875 6.84185e-16 1.73472e-18 0.744875 0.744875 0.744875 0.744875 1.73472e-18 6.84185e-16 0.744875 0.744875 6.84185e-16 1.73472e-18 
8.67362e-19 3.42092e-16 0.731204 0.731204 3.42092e-16 8.67362e-19 0.731204 0.731204 0.731204 0.731204 8.67362e-19 3.42092e-16 0.731204 0.731204 3.42092e-16 8.67362e-19 
4.33681e-19 1.71046e-16 0.776316 0.776316 1.71046e-16 4.33681e-19 0.776316 0.776316 0.776316 0.776316 4.33681e-19 1.71046e-16 0.776316 0.776316 1.71046e-16 4.33681e-19 
2.1684e-19 8.55231e-17 0.694976 0.694976 8.55231e-17 2.1684e-19 0.694976 0.694976 0.694976 0.694976 2.1684e-19 8.55231e-17 0.694976 0.694976 8.55231e-17 2.1684e-19 
1.0842e-19 4.27615e-17 0.715345 0.715345 4.27615e-17 1.0842e-19 0.715345 0.715345 0.715345 0.715345 1.0842e-19 4.27615e-17 0.715345 0.715345 4.27615e-17 1.0842e-19 
5.42101e-20 2.13808e-17 0.716439 0.716439 2.13808e-17 5.42101e-20 0.716439 0.716439 0.716439 0.716439 5.42101e-20 2.13808e-17 0.716439 0.716439 2.13808e-17 5.42101e-20 
2.71051e-20 1.06904e-17 0.726077 0.726077 1.06904e-17 2.71051e-20 0.726077 0.726077 0.726077 0.726077 2.71051e-20 1.06904e-17 0.726077 0.726077 1.06904e-17 2.71051e-20 
1.35525e-20 5.34519e-18 0.755895 0.755895 5.34519e-18 1.35525e-20 0.755895 0.755895 0.755895 0.755895 1.35525e-20 5.34519e-18 0.755895 0.755895 5.34519e-18 1.35525e-20 
6.77626e-21 2.6726e-18 0.745805 0.745805 2.6726e-18 6.77626e-21 0.745805 0.745805 0.745805 0.745805 6.77626e-21 2.6726e-18 0.745805 0.745805 2.6726e-18 6.77626e-21 
3.38813e-21 1.3363e-18 0.706669 0.706669 1.3363e-18 3.38813e-21 0.706669 0.706669 0.706669 0.706669 3.38813e-21 1.3363e-18 0.706669 0.706669 1.3363e-18 3.38813e-21 
1.69407e-21 6.68149e-19 0.694243 0.694243 6.68149e-19 1.69407e-21 0.694243 0.694243 0.694243 0.694243 1.69407e-21 6.68149e-19 0.694243 0.694243 6.68149e-19 1.69407e-21 
8.47033e-22 3.34075e-19 0.689979 0.689979 3.34075e-19 8.47033e-22 0.689979 0.689979 0.689979 0.689979 8.47033e-22 3.34075e-19 0.689979 0.689979 3.34075e-19 8.47033e-22 
4.23516e-22 1.67037e-19 0.626808 0.626808 1.67037e-19 4.23516e-22 0.626808 0.626808 0.626808 0.626808 4.23516e-22 1.67037e-19 0.626808 0.626808 1.67037e-19 4.23516e-22 
2.11758e-22 8.35186e-20 0.690027 0.690027 8.35186e-20 2.11758e-22 0.690027 0.690027 0.690027 0.690027 2.11758e-22 8.35186e-20 0.690027 0.690027 8.35186e-20 2.11758e-22 
1.05879e-22 4.17593e-20 0.660923 0.660923 4.17593e-20 1.05879e-22 0.660923 0.660923 0.660923 0.660923 1.05879e-22 4.17593e-20 0.660923 0.660923 4.17593e-20 1.05879e-22 
5.29396e-23 2.08797e-20 0.689228 0.689228 2.08797e-20 5.29396e-23 0.689228 0.689228 0.689228 0.689228 5.29396e-23 2.08797e-20 0.689228 0.689228 2.08797e-20 5.29396e-23 
2.64698e-23 1.04398e-20 0.773185 0.773185 1.04398e-20 2.64698e-23 0.773185 0.773185 0.773185 0.773185 2.64698e-23 1.04398e-20 0.773185 0.773185 1.04398e-20 2.64698e-23 
1.32349e-23 5.21991e-21 0.77945 0.77945 5.21991e-21 1.32349e-23 0.77945 0.77945 0.77945 0.77945 1.32349e-23 5.21991e-21 0.77945 0.77945 5.21991e-21 1.32349e-23 
6.61744e-24 2.60996e-21 0.696543 0.696543 2.60996e-21 6.61744e-24 0.696543 0.696543 0.696543 0.696543 6.61744e-24 2.60996e-21 0.696543 0.696543 2.60996e-21 6.61744e-24 
3.30872e-24 1.30498e-21 0.672947 0.672947 1.30498e-21 3.30872e-24 0.672947 0.672947 0.672947 0.672947 3.30872e-24 1.30498e-21 0.672947 0.672947 1.30498e-21 3.30872e-24 
1.65436e-24 6.52489e-22 0.686473 0.686473 6.52489e-22 1.65436e-24 0.686473 0.686473 0.686473 0.686473 1.65436e-24 6.52489e-22 0.686473 0.686473 6.52489e-22 1.65436e-24 
8.27181e-25 3.26245e-22 0.659146 0.659146 3.26245e-22 8.27181e-25 0.659146 0.659146 0.659146 0.659146 8.27181e-25 3.26245e-22 0.659146 0.659146 3.26245e-22 8.27181e-25 
4.1359e-25 1.63122e-22 0.706196 0.706196 1.63122e-22 4.1359e-25 0.706196 0.706196 0.706196 0.706196 4.1359e-25 1.63122e-22 0.706196 0.706196 1.63122e-22 4.1359e-25 
2.06795e-25 8.15612e-23 0.745955 0.745955 8.15612e-23 2.06795e-25 0.745955 0.745955 0.745955 0.745955 2.06795e-25 8.15612e-23 0.745955 0.745955 8.15612e-23 2.06795e-25 
1.03398e-25 4.07806e-23 0.722978 0.722978 4.07806e-23 1.03398e-25 0.722978 0.722978 0.722978 0.722978 1.03398e-25 4.07806e-23 0.722978 0.722978 4.07806e-23 1.03398e-25 
5.16988e-26 2.03903e-23 0.711489 0.711489 2.03903e-23 5.16988e-26 0.711489 0.711489 0.711489 0.711489 5.16988e-26 2.03903e-23 0.711489 0.711489 2.03903e-23 5.16988e-26 
2.58494e-26 1.01951e-23 0.723602 0.723602 1.01951e-23 2.58494e-26 0.723602 0.723602 0.723602 0.723602 2.58494e-26 1.01951e-23 0.723602 0.723602 1.01951e-23 2.58494e-26 
1.29247e-26 5.09757e-24 0.720567 0.720567 5.09757e-24 1.29247e-26 0.720567 0.720567 0.720567 0.720567 1.29247e-26 5.09757e-24 0.720567 0.720567 5.09757e-24 1.29247e-26 
6.46235e-27 2.54879e-24 0.728141 0.728141 2.54879e-24 6.46235e-27 0.728141 0.728141 0.728141 0.728141 6.46235e-27 2.54879e-24 0.728141 0.728141 2.54879e-24 6.46235e-27 
3.23117e-27 1.27439e-24 0.636798 0.636798 1.27439e-24 3.23117e-27 0.636798 0.636798 0.636798 0.636798 3.23117e-27 1.27439e-24 0.636798 0.636798 1.27439e-24 3.23117e-27 
1.61559e-27 6.37197e-25 0.686256 0.686256 6.37197e-25 1.61559e-27 0.686256 0.686256 0.686256 0.686256 1.61559e-27 6.37197e-25 0.686256 0.686256 6.37197e-25 1.61559e-27 
8.07794e-28 3.18598e-25 0.684037 0.684037 3.18598e-25 8.07794e-28 0.684037 0.684037 0.684037 0.684037 8.07794e-28 3.18598e-25 0.684037 0.684037 3.18598e-25 8.07794e-28 
4.03897e-28 1.59299e-25 0.752733 0.752733 1.59299e-25 4.03897e-28 0.752733 0.752733 0.752733 0.752733 4.03897e-28 1.59299e-25 0.752733 0.752733 1.59299e-25 4.03897e-28 
2.01948e-28 7.96496e-26 0.717275 0.717275 7.96496e-26 2.01948e-28 0.717275 0.717275 0.717275 0.717275 2.01948e-28 7.96496e-26 0.717275 0.717275 7.96496e-26 2.01948e-28 
1.00974e-28 3.98248e-26 0.726495 0.726495 3.98248e-26 1.00974e-28 0.726495 0.726495 0.726495 0.726495 1.00974e-28 3.98248e-26 0.726495 0.726495 3.98248e-26 1.00974e-28 
5.04871e-29 1.99124e-26 0.773962 0.773962 1.99124e-26 5.04871e-29 0.773962 0.773962 0.773962 0.773962 5.04871e-29 1.99124e-26 0.773962 0.773962 1.99124e-26 5.04871e-29 
2.52435e-29 9.9562e-27 0.761981 0.761981 9.9562e-27 2.52435e-29 0.761981 0.761981 0.761981 0.761981 2.52435e-29 9.9562e-27 0.761981 0.761981 9.9562e-27 2.52435e-29 
1.26218e-29 4.9781e-27 0.6969 0.6969 4.9781e-27 1.26218e-29 0.6969 0.6969 0.6969 0.6969 1.26218e-29 4.9781e-27 0.6969 0.6969 4.9781e-27 1.26218e-29 
6.31089e-30 2.48905e-27 0.689359 0.689359 2.48905e-27 6.31089e-30 0.689359 0.689359 0.689359 0.689359 6.31089e-30 2.48905e-27 0.689359 0.689359 2.48905e-27 6.31089e-30 
3.15544e-30 1.24452e-27 0.678446 0.678446 1.24452e-27 3.15544e-30 0.678446 0.678446 0.678446 0.678446 3.15544e-30 1.24452e-27 0.678446 0.678446 1.24452e-27 3.15544e-30 
1.57772e-30 6.22262e-28 0.680132 0.680132 6.22262e-28 1.57772e-30 0.680132 0.680132 0.680132 0.680132 1.57772e-30 6.22262e-28 0.680132 0.680132 6.22262e-28 1.57772e-30 
7.88861e-31 3.11131e-28 0.680975 0.680975 3.11131e-28 7.88861e-31 0.680975 0.680975 0.680975 0.680975 7.88861e-31 3.11131e-28 0.680975 0.680975 3.11131e-28 7.88861e-31 
