18.1782 8.24794 2.61358 8.53176 2.48164
13.3155 5.70113 3.72379 6.39626 3.28866
18.6936 2.80442 4.93371 3.60706 4.44856
18.782 0.337064 5.37701 0.58069 5.45417
16.3752 -0.247609 5.4992 -0.0563644 5.59995
12.0268 0.0852803 5.43568 -0.311058 5.90969
18.4298 -0.0390557 5.39341 0.0434641 5.86961
10.2507 -0.0405883 5.53481 -0.307702 5.75689
10.3422 0.172203 5.50598 -0.319696 5.68821
6.37822 0.148743 5.30743 -0.0266757 5.67924
11.9736 0.172319 5.07378 -0.280321 5.57544
18.1194 -0.114266 5.25161 -0.135402 5.68532
11.8004 -0.230138 5.3444 0.0230478 5.58692
8.23275 0.052705 5.28505 0.0139436 5.75249
18.3613 0.113637 5.32958 0.0932239 5.73953
11.1012 0.126138 5.12898 0.127987 5.61696
16.748 -0.127018 5.22454 0.192123 5.59983
6.44295 0.206524 5.03026 0.235406 5.54493
9.96628 0.0446004 4.80202 0.253738 5.91205
16.8021 0.0810437 5.11685 -0.0677153 5.61473
8.91842 0.00363042 5.12924 -0.0911314 5.75665
6.85842 -0.282737 5.20194 -0.06158 5.51596
15.3058 -0.156791 5.11673 -0.0888887 5.42695
15.5661 -0.0624002 5.15207 0.0534319 4.96657
10.795 0.154614 4.88286 -0.171601 4.96685
10.363 -0.167459 4.96845 0.407692 5.03537
9.25348 -0.328586 4.91825 0.0602138 5.15093
14.0011 -0.111664 4.74619 -0.0363305 5.07311
10.631 -0.0652877 4.53742 -0.203609 4.86866
8.37932 -0.00663608 4.51402 -0.33087 4.63198
11.4116 -0.207339 4.73542 -0.0218508 4.49687
12.0375 -0.141109 4.71438 -0.11485 4.47849
15.9137 0.243338 4.67007 -0.0910112 4.40444
14.2836 -0.135717 4.62862 0.00263446 4.5277
11.4479 0.0170546 4.70532 0.348102 4.48244
13.1404 -0.027554 4.6674 -0.0523342 4.46328
9.60149 0.0155063 4.32264 0.0370368 4.49836
12.7478 0.00282429 4.29701 -0.0242421 4.45241
14.5061 0.184473 4.33514 0.0847576 4.27682
6.79946 -0.183095 4.44616 -0.0450336 4.19887
14.3166 -0.0562808 4.49165 -0.0689968 4.08216
5.82082 -0.211051 4.49409 -0.143918 4.2399
13.5466 -0.320658 4.66884 -0.0918755 4.16516
8.50969 -0.0968504 4.80993 -0.0876708 4.13824
16.7804 -0.115467 4.73887 0.145903 4.22516
7.79127 0.121812 4.63929 0.20357 4.22262
8.87572 -0.0773743 4.64127 -0.0559297 4.17965
13.4907 0.0560185 4.71945 -0.0962734 4.12597
14.235 -0.0969748 4.4137 -0.0518637 4.06473
12.1237 -0.0403422 4.34987 0.0264699 3.67622
3.11498 -0.112954 4.55981 -0.0936926 3.81575
6.3665 -0.0745349 4.47493 -0.0687806 3.8505
10.3146 -0.00897139 4.53958 -0.122292 3.75726
8.86574 -0.0320858 4.7555 0.281406 3.66387
13.9554 0.259743 4.63528 -0.0897814 3.87989
10.2557 -0.171705 4.48913 -0.167263 3.98421
10.341 -0.0803756 4.62115 -0.0511731 3.85939
11.8335 -0.039677 4.61552 -0.00353022 3.9277
14.5891 -0.0486286 4.76979 0.0542506 3.80385
5.53694 -0.175663 4.76811 0.244199 4.07991
12.3594 -0.130189 4.52496 -0.050435 4.178
7.67676 0.127043 4.68848 -0.0219779 4.09726
11.7121 -0.153866 4.67206 -0.2172 4.05365
16.6802 0.00914002 4.56369 -0.185663 4.09234
10.5403 -0.00153562 4.48001 -0.117401 4.19792
11.0262 0.00636119 4.45462 -0.0851099 4.2123
12.3764 0.122442 4.56811 -0.160639 4.15775
4.52554 -0.0754669 4.75421 -0.00807736 4.25564
16.1868 0.183318 4.65293 0.0604035 4.29809
11.4026 0.221208 4.58928 -0.0693197 4.16253
12.5022 -0.0515773 4.67035 -0.0370497 4.24979
14.0241 -0.219102 4.7088 0.0962583 4.17194
10.1946 0.00778753 4.50609 -0.0294841 4.26688
11.3013 0.0305854 4.47932 0.138314 4.47976
15.4288 -0.150289 4.63295 0.100617 4.33578
15.2355 0.139024 4.54998 0.244851 4.25695
13.2348 0.0525062 4.70511 0.000562854 4.21466
13.8319 -0.00321488 4.52345 -0.347436 4.14828
12.041 -0.117106 4.67597 0.217119 4.20336
8.9237 0.0569341 4.64573 0.136207 4.17897
17.1117 -0.0975733 4.82088 0.102057 4.37733
11.2232 -0.132195 4.73663 0.0353088 4.56902
16.0394 -0.22079 4.81185 0.185459 4.41584
7.22565 -0.0486178 4.82451 0.0660177 4.77121
13.4639 0.0539453 4.97477 0.0138515 4.76003
4.27829 -0.236059 5.02026 -0.0312101 4.32858
4.13562 0.0724127 5.02357 0.206351 4.21833
15.2743 -0.15854 5.05441 0.199233 4.05466
14.5936 -0.0169757 4.93933 0.144255 3.90625
7.46578 -0.243916 4.85792 -0.00229439 3.76351
9.79898 -0.21356 4.84084 0.0820944 3.78386
10.0805 -0.0861211 4.68042 0.277771 3.69618
14.7718 0.261434 4.42549 -0.141908 3.78385
12.4421 0.163689 4.4978 -0.0986896 3.97064
12.7057 -0.163159 4.59679 0.135411 4.15483
10.3125 0.0541459 4.70108 0.0314835 3.89321
9.39793 -0.22231 4.843 -0.0487792 3.96689
12.6213 0.111199 4.78761 0.136098 4.02024
6.19459 0.00852717 4.59106 -0.143265 4.0389
12.6934 0.241085 4.59316 -0.0946606 3.9876
