-3.87535 1.39763 -3.11618 0.0366268 0.0361224 -3.87535 1.39763 -3.11618 0.0366268 0.0361224 -1.91833 0.472206 3.78431 4.92881 0.0229795 -1.91833 0.472206 -3.11618 -4.63559 0.025551 -3.90138 2.98106 -2.02971 4.92881 0.0186845 -1.91833 0.472206 -3.11618 2.10704 0.0257025
-3.87535 1.39763 -3.11618 0.0366268 0.0361224 -1.91833 0.472206 3.78431 -4.63559 0.0245624 -1.91833 0.472206 -3.11618 4.92881 0.0257025 -3.90138 -2.82762 -2.02971 4.92881 0.0222932 -1.91833 2.98106 -3.11618 2.93598 0.0223384 -1.91833 0.472206 -3.11618 2.10704 0.0257025
-3.87535 1.39763 -3.11618 0.0366268 0.0361224 -1.91833 0.472206 -2.02971 4.92881 0.0300157 -3.90138 -2.82762 -3.11618 4.92881 0.0171762 -1.91833 0.472206 -3.11618 4.92881 0.0257025 -1.91833 2.98106 -3.11618 2.93598 0.0223384 -1.91833 0.472206 -3.11618 4.92881 0.0257025
-3.87535 1.39763 -3.11618 0.0366268 0.0361224 1.60119 2.98106 -3.11618 4.92881 0.0210214 -2.17327 -2.82762 1.27384 1.80287 0.0171762 -1.91833 0.472206 -3.11618 2.93598 0.0430413 -1.91833 0.472206 -2.47044 4.92881 0.0257025 -1.91833 0.472206 -3.11618 4.92881 0.0257025
-1.91833 0.472206 -3.11618 2.93598 0.0430413 1.60119 -2.82762 -3.11618 4.92881 0.0219476 -2.17327 2.98106 1.27384 -1.77489 0.0513273 -1.91833 0.472206 -3.11618 2.93598 0.0430413 -1.91833 0.472206 -3.11618 4.92881 0.0257025 -1.91833 0.472206 -3.11618 2.93598 0.0430413
-2.17327 2.98106 1.27384 -1.77489 0.0515923 -2.17327 2.98106 1.27384 -1.77489 0.0515923 -2.17327 2.98106 1.27384 -1.77489 0.0515923 -1.91833 0.472206 -1.11385 2.93598 0.0430413 -2.17327 0.472206 4.00183 4.92881 0.0250314 -1.91833 2.98106 1.27384 -1.77489 0.0545268
-1.91833 0.472206 1.27384 -1.77489 0.10335 -1.91833 0.472206 2.97364 -1.77489 0.10335 -1.91833 2.98106 -1.11385 2.93598 0.0426852 -1.91833 2.98106 1.27384 -1.77489 0.0545268 -2.17327 0.472206 -1.11385 2.93598 0.0632644 -1.91833 0.472206 -1.11385 2.93598 0.0430413
-1.91833 0.472206 1.27384 -1.77489 0.10335 -1.91833 0.828464 1.27384 -1.77489 0.0545268 -1.91833 0.472206 2.97364 -1.77489 0.0591865 -1.91833 -4.87461 2.97364 -1.15245 0.0447118 -1.91833 2.98106 0.138592 -1.77489 0.0556867 -1.91833 2.98106 -1.11385 2.93598 0.0426852
-1.91833 0.472206 1.27384 -1.77489 0.10335 -1.91833 2.98106 -1.11385 2.93598 0.0426852 -1.91833 -4.87461 2.97364 -1.15245 0.0258983 -1.91833 -4.87461 -2.68111 -1.15245 0.0258983 -1.91833 -4.87461 2.97364 -1.15245 0.0258983 -1.91833 -4.87461 2.97364 -1.15245 0.0447118
-1.91833 0.472206 1.27384 -1.77489 0.10335 -1.91833 -4.87461 -2.68111 -1.15245 0.0270575 -1.91833 -4.87461 2.97364 -1.15245 0.0258983 -1.91833 2.98106 2.97364 2.93598 0.0322277 -1.91833 -4.87461 -1.11385 -1.15245 0.032247 -1.91833 -4.87461 2.97364 -1.15245 0.0258983
-1.91833 0.472206 1.27384 -1.77489 0.10335 -1.91833 -3.68438 -4.91686 2.93598 0.0322277 -1.91833 2.98106 2.97364 2.93598 0.0322277 -1.91833 -4.87461 -2.68111 -1.15245 0.0270575 -1.91833 -4.87461 2.97364 -1.15245 0.0258983 -1.91833 2.47331 -1.11385 -0.272309 0.032247
-1.91833 0.472206 1.27384 -1.77489 0.10335 -1.91833 2.69966 -1.11385 -0.272309 0.032247 -1.91833 2.47331 -2.68111 -1.15245 0.0517765 -1.91833 -4.87461 1.33363 -0.272309 0.0336059 -1.91833 -4.87461 -4.91686 -1.15245 0.0185372 -1.91833 -3.68438 2.97364 2.93598 0.0279977
-1.91833 0.472206 1.27384 -1.77489 0.10335 -1.91833 -3.79618 -4.91686 -1.15245 0.0185372 -1.91833 -4.87461 1.33363 -0.272309 0.0330092 1.13744 2.69966 1.33363 -0.272309 0.0723544 -1.91833 -4.87461 -1.11385 -0.272309 0.0336059 -1.91833 2.47331 -2.68111 -1.15245 0.0517765
-1.91833 0.472206 1.27384 -1.77489 0.10335 1.13744 2.47331 -2.68111 -1.15245 0.0590753 -1.91833 -4.87461 1.33363 -0.272309 0.0330092 -1.91833 2.69966 1.33363 3.84943 0.0723544 1.13744 4.24876 1.33363 -1.15245 0.0788107 -1.91833 -3.79618 -4.91686 2.77794 0.023073
-1.91833 0.472206 1.27384 -1.77489 0.10335 1.13744 4.24876 -4.30737 -1.15245 0.0346473 -1.91833 -4.87461 1.33363 -0.272309 0.0330092 1.13744 2.47331 1.33363 -1.15245 0.0868225 1.13744 -4.87461 1.33363 -0.272309 0.0358316 -1.91833 2.47331 -2.68111 -1.15245 0.0517765
-1.91833 0.472206 1.27384 -1.77489 0.10335 -1.91833 2.47331 -2.68111 -0.272309 0.0553716 1.13744 -4.87461 1.33363 4.75562 0.0342908 -1.91833 2.47331 -4.67624 -1.15245 0.0517765 1.13744 2.47331 1.33363 -1.15245 0.0868225 1.13744 2.47331 1.33363 -1.15245 0.0868225
-1.91833 0.472206 1.27384 -1.77489 0.10335 -0.0502522 -4.87461 1.33363 -1.15245 0.0342908 1.13744 2.47331 1.93562 4.75562 0.0304827 1.13744 2.47331 1.33363 -1.15245 0.0868225 1.13744 2.47331 1.33363 -1.15245 0.0868225 1.13744 2.47331 1.33363 -1.15245 0.0868225
-1.91833 0.472206 1.27384 -1.77489 0.10335 1.13744 2.47331 1.33363 -1.15245 0.0868225 1.13744 2.47331 1.93562 -1.76125 0.0287575 1.13744 3.30643 1.33363 -1.15245 0.0868225 1.13744 2.47331 -0.907106 -1.15245 0.0868225 1.13744 -2.14216 1.33363 -1.15245 0.0868225
-1.91833 0.472206 1.27384 -1.77489 0.10335 -2.35624 2.47331 1.93562 -1.15245 0.0741521 4.26787 2.47331 0.851168 -1.76125 0.0752353 1.13744 2.47331 3.48296 -1.15245 0.0868225 1.13744 -2.78994 -0.907106 -1.15245 0.0946788 1.13744 -2.14216 1.33363 -1.15245 0.0868225
-1.91833 0.472206 1.27384 -1.77489 0.10335 1.13744 -2.78994 -0.907106 -1.76125 0.0714163 4.26787 2.47331 0.851168 -1.15245 0.0365169 1.13744 1.64526 1.33363 -1.15245 0.0868225 1.13744 -2.78994 3.48296 -1.15245 0.0424869 1.13744 -0.499677 4.16018 -1.15245 0.0946788
-1.91833 0.472206 1.27384 -1.77489 0.10335 1.13744 -0.499677 -4.3356 -1.15245 0.0472173 -1.70588 -0.499677 4.16018 -1.15245 0.0472173 -4.40385 -0.499677 4.16018 -1.15245 0.0472173 1.13744 -2.78994 -1.24975 -1.15245 0.0424869 4.26787 2.47331 0.851168 -1.15245 0.0365169
-1.91833 0.472206 1.27384 -1.77489 0.10335 -4.40385 4.52143 0.851168 -1.15245 0.0350093 4.26787 -0.499677 4.16018 -1.15245 0.026247 -1.70588 -1.07726 4.16018 -1.15245 0.0438694 -1.70588 -0.499677 4.16018 -1.15245 0.0438694 1.13744 2.20405 -4.3356 1.38778 0.0472173
-1.91833 0.472206 1.27384 -1.77489 0.10335 -1.70588 -0.499677 4.16018 -1.15245 0.0438694 -4.51553 -1.07726 4.16018 -1.15245 0.0256342 1.13744 2.20405 -4.3356 1.38778 0.0472173 -1.70588 -0.499677 4.16018 2.80176 0.0438694 -1.70588 -1.07726 4.16018 -1.15245 0.0438694
-1.91833 0.472206 1.27384 -1.77489 0.10335 1.13744 -0.499677 4.16018 -1.15245 0.0472173 -1.70588 2.20405 -4.3356 1.38778 0.0339084 1.13744 2.20405 -4.3356 -1.15245 0.0366607 -1.70588 -1.07726 4.16018 -1.33563 0.0411463 -1.70588 -1.07726 4.16018 -1.15245 0.0438694
-1.91833 0.472206 1.27384 -1.77489 0.10335 -1.70588 2.20405 -4.3356 -1.15245 0.03461 1.13744 -0.946846 4.16018 1.38778 0.0459211 -1.70588 -0.499677 4.16018 -1.15245 0.0438694 1.13744 -1.07726 4.16018 -1.33563 0.0443552 1.13744 -0.499677 4.16018 -1.15245 0.0472173
-1.91833 0.472206 1.27384 -1.77489 0.10335 -1.84189 -0.946846 4.16018 -1.15245 0.0458179 1.13744 -4.9218 4.16018 1.38778 0.0459211 -1.70588 -0.499677 4.16018 -1.15245 0.0438694 1.13744 -1.07726 -3.57973 -1.33563 0.0443552 -1.70588 -0.499677 4.16018 -1.15245 0.0438694
-1.91833 0.472206 1.27384 -1.77489 0.10335 1.13744 -4.9218 4.16018 -1.15245 0.0221469 -1.70588 -0.499677 1.84096 1.38778 0.0427483 1.13744 -1.07726 -3.57973 -1.33563 0.0443552 -1.70588 -0.946846 4.16018 -1.15245 0.0426589 -1.84189 -0.499677 4.16018 -1.15245 0.0429601
-1.91833 0.472206 1.27384 -1.77489 0.10335 -1.84189 -2.09815 4.16018 -1.15245 0.0429601 -1.70588 -0.946846 4.16018 -1.15245 0.0426589 1.13744 -0.499677 -3.57973 -1.33563 0.0583369 -1.70588 -1.07726 1.84096 1.38778 0.0962872 3.23574 -1.07726 -3.57973 -1.33563 0.0443552
-1.91833 0.472206 1.27384 -1.77489 0.10335 -1.70588 -1.07726 -3.57973 -1.33563 0.0508417 3.23574 -1.07726 1.84096 4.23676 0.055724 -1.70588 -1.07726 1.84096 1.38778 0.0962872 -1.70588 -0.946846 4.16018 -1.15245 0.0426589 3.23574 -1.07726 2.6733 -1.33563 0.0443552
-1.91833 0.472206 1.27384 -1.77489 0.10335 -1.70588 -0.946846 3.6675 -1.15245 0.0426589 -1.70588 -1.07726 1.84096 1.38778 0.0962872 -1.70588 -1.07726 1.84096 -0.788878 0.0962872 -1.70588 -1.07726 1.84096 1.38778 0.0962872 -1.70588 -0.946846 4.16018 -1.15245 0.0426589
-1.91833 0.472206 1.27384 -1.77489 0.10335 -1.70588 -0.946846 4.1057 1.38778 0.0987983 -1.70588 -1.07726 4.16018 -1.15245 0.0421839 -1.70588 -1.07726 1.84096 1.38778 0.0962872 -1.70588 -1.07726 1.84096 -0.788878 0.110108 0.356642 3.02091 3.6675 4.39398 0.0426589
-1.70588 -1.07726 1.84096 -0.788878 0.110108 -1.70588 -0.946846 4.1057 1.38778 0.0987983 -1.70588 -1.07726 1.84096 -0.788878 0.110108 -1.70588 -1.07726 1.84096 -0.788878 0.110108 -1.70588 -1.07726 1.84096 1.38778 0.0962872 -1.70588 -1.07726 1.84096 -0.788878 0.110108
-1.70588 -1.07726 1.84096 -0.788878 0.110108 -1.70588 -1.07726 1.84096 -0.788878 0.110108 -1.70588 -1.07726 1.84096 1.38778 0.0962872 -0.529334 -1.07726 1.84096 -0.788878 0.110108 -3.61469 -0.946846 4.1057 -0.788878 0.0448719 -1.70588 -1.07726 1.84096 1.38778 0.0962872
-1.70588 -1.07726 1.84096 -0.788878 0.110108 -1.70588 -1.07726 1.84096 1.38778 0.0962872 -1.70588 4.53098 1.84096 1.38778 0.0962872 -1.70588 -1.07726 1.84096 1.95357 0.0962872 -0.529334 -1.07726 1.84096 -0.788878 0.154987 -3.61469 -0.946846 4.1057 -0.788878 0.0448719
-0.529334 -1.07726 1.84096 -0.788878 0.154987 -0.529334 -1.07726 1.84096 -0.788878 0.154987 -0.529334 -1.07726 1.84096 -0.788878 0.154987 -0.529334 -1.07726 1.84096 -0.788878 0.154987 -3.61845 -1.07726 1.84096 -0.788878 0.154987 -1.70588 -1.07726 1.97368 1.38778 0.0962872
-0.529334 -1.07726 1.84096 -0.788878 0.154987 -0.529334 -1.07726 1.84096 -0.788878 0.154987 -1.70588 -1.07726 1.97368 1.38778 0.0918115 -0.529334 -1.07726 1.84096 4.59313 0.154987 -0.529334 1.05938 1.84096 -0.788878 0.154987 -0.529334 -1.07726 1.84096 -0.788878 0.154987
-0.529334 -1.07726 1.84096 -0.788878 0.154987 -0.529334 -1.07726 1.84096 -0.788878 0.154987 -0.529334 1.05938 1.84096 -0.788878 0.15591 -0.529334 -1.07726 1.84096 -0.788878 0.154987 -0.529334 -1.07726 1.84096 4.59313 0.0371379 2.97065 -1.07726 1.97368 1.38778 0.0918115
-0.529334 -1.07726 1.84096 -0.788878 0.154987 2.97065 -1.07726 1.84096 1.38778 0.0613486 -0.529334 -1.07726 1.97368 -0.788878 0.143711 -0.529334 -1.07726 1.84096 4.59313 0.0371379 -0.529334 1.05938 1.84096 -0.788878 0.15591 2.97065 -1.07726 1.97368 1.38778 0.0918115
-0.529334 1.05938 1.84096 -0.788878 0.15591 -0.529334 4.97277 1.84096 -0.788878 0.15591 -0.529334 1.05938 1.84096 -0.788878 0.15591 -0.529334 1.05938 1.97368 -0.788878 0.144504 -0.529334 -1.07726 1.84096 -0.788878 0.154987 -0.529334 2.20681 3.59027 -0.788878 0.15591
-0.529334 1.05938 1.84096 -0.788878 0.15591 -0.529334 4.97277 1.84096 -0.788878 0.0333111 -0.529334 1.05938 1.84096 -0.788878 0.15591 -0.529334 -1.07726 1.84096 -0.788878 0.154987 -0.529334 2.20681 3.59027 -0.788878 0.050858 -0.529334 4.97277 1.84096 -0.788878 0.15591
-0.529334 1.05938 1.84096 -0.788878 0.15591 -0.529334 -1.07726 1.84096 -0.788878 0.154987 -0.529334 -2.51745 1.84096 -0.788878 0.0333111 -0.529334 -1.07726 1.84096 2.49258 0.154987 -0.529334 1.05938 0.131699 -4.67877 0.15591 -0.529334 1.05938 1.84096 -0.788878 0.15591
-0.529334 1.05938 1.84096 -0.788878 0.15591 -0.529334 1.05938 1.84096 -0.788878 0.15591 -0.529334 1.05938 1.84096 -0.788878 0.15591 -0.529334 1.05938 1.84096 2.10123 0.15591 -0.529334 -1.07726 0.131699 2.49258 0.115327 -0.529334 1.05938 1.84096 -4.67877 0.036124
-0.529334 1.05938 1.84096 -0.788878 0.15591 -0.529334 1.05938 0.412147 -0.788878 0.15591 -0.529334 1.05938 1.84096 -0.788878 0.15591 -0.529334 1.05938 1.84096 2.10123 0.0979741 -0.529334 1.05938 1.84096 2.10123 0.0979741 -0.529334 1.05938 1.84096 2.10123 0.15591
-0.529334 1.05938 1.84096 -0.788878 0.15591 -0.529334 1.05938 1.84096 -0.788878 0.15591 -0.529334 1.05938 1.84096 -1.62009 0.15591 -0.529334 1.05938 0.412147 -0.788878 0.313022 -0.529334 1.05938 0.412147 2.10123 0.143113 -0.529334 1.05938 1.84096 -0.788878 0.15591
-0.529334 1.05938 0.412147 -0.788878 0.313022 -0.529334 1.05938 0.412147 -0.788878 0.313022 -0.529334 1.05938 1.84096 2.10123 0.0979741 -0.529334 1.05938 1.84096 -4.26848 0.118817 -0.529334 1.05938 1.84096 -0.788878 0.15591 -0.529334 1.05938 0.412147 -0.788878 0.313022
-0.529334 1.05938 0.412147 -0.788878 0.313022 -0.529334 1.05938 0.412147 -0.788878 0.313022 -0.529334 1.05938 1.84096 -4.26848 0.0416466 -0.529334 1.05938 0.412147 -0.788878 0.313022 -0.529334 1.05938 1.8103 -0.788878 0.313022 -0.529334 1.05938 3.37174 -0.788878 0.15591
-0.529334 1.05938 0.412147 -0.788878 0.313022 -0.529334 1.05938 0.412147 -0.788878 0.313022 -0.529334 1.05938 0.412147 0.907659 0.313022 -0.529334 1.05938 0.412147 -0.788878 0.313022 -0.529334 1.05938 0.412147 -0.788878 0.313022 -0.529334 1.05938 0.412147 -0.788878 0.313022
-0.529334 1.05938 0.412147 -0.788878 0.313022 -0.529334 1.05938 0.412147 -0.788878 0.313022 -0.529334 1.05938 0.412147 -0.788878 0.313022 -0.529334 1.05938 0.412147 -0.788878 0.313022 -0.529334 1.05938 0.412147 -0.788878 0.313022 -0.529334 3.73557 0.412147 1.67592 0.313022
-0.529334 1.05938 0.412147 -0.788878 0.313022 0.265189 3.73557 0.412147 1.67592 0.0549052 -0.529334 1.05938 0.412147 -0.788878 0.313022 -0.529334 1.05938 0.412147 -0.788878 0.313022 -0.529334 1.05938 0.412147 -0.788878 0.313022 -3.31829 1.05938 0.412147 -0.788878 0.313022
-0.529334 1.05938 0.412147 -0.788878 0.313022 1.62237 1.05938 0.412147 -0.788878 0.313022 -0.529334 -1.61134 0.412147 -0.788878 0.313022 -0.529334 1.05938 0.412147 -0.788878 0.313022 4.25795 1.05938 4.62707 -0.788878 0.313022 -2.96918 1.05938 0.412147 -0.788878 0.313022
-0.529334 1.05938 0.412147 -0.788878 0.313022 4.25795 -4.21845 4.62707 -0.788878 0.0236494 -0.529334 1.05938 0.412147 -0.788878 0.313022 -0.529334 1.05938 0.412147 -0.788878 0.313022 -3.11214 -1.61134 0.412147 -0.788878 0.0757309 -2.96918 1.05938 0.412147 -0.788878 0.313022
-0.529334 1.05938 0.412147 -0.788878 0.313022 -2.96918 1.05938 0.412147 -0.788878 0.0852478 -0.529334 1.05938 0.412147 -0.788878 0.313022 -0.529334 1.05938 0.412147 -0.788878 0.313022 -0.529334 1.05938 0.412147 -0.788878 0.313022 -0.529334 1.05938 0.412147 -0.788878 0.313022
-0.529334 1.05938 0.412147 -0.788878 0.313022 -0.529334 1.05938 0.412147 -1.31861 0.313022 -0.529334 1.05938 0.412147 -0.788878 0.313022 -0.529334 1.05938 -0.636413 -0.788878 0.313022 -0.529334 1.05938 0.412147 -0.788878 0.313022 -0.529334 1.05938 0.412147 -0.788878 0.313022
-0.529334 1.05938 0.412147 -0.788878 0.313022 -0.529334 -4.97464 0.412147 -0.788878 0.313022 -0.529334 1.05938 0.412147 -0.788878 0.313022 -0.529334 -4.0244 -0.636413 -0.788878 0.313022 -0.529334 1.05938 0.412147 -0.788878 0.313022 -0.529334 1.05938 0.412147 -0.0752261 0.313022
-0.529334 1.05938 0.412147 -0.0752261 0.387898 -0.529334 1.05938 -3.94747 -0.0752261 0.387898 2.38083 1.05938 0.412147 -0.788878 0.313022 -0.529334 -4.0244 -0.636413 -0.788878 0.0540444 -0.529334 -4.0244 -0.636413 -0.788878 0.0540444 -0.529334 1.05938 0.412147 -0.788878 0.313022
-0.529334 1.05938 0.412147 -0.0752261 0.387898 -0.529334 1.05938 0.412147 -0.788878 0.313022 -0.529334 1.05938 -3.94747 -0.0752261 0.0555844 -0.529334 1.05938 0.412147 -0.788878 0.313022 -0.529334 1.05938 -3.94747 -0.0752261 0.0555844 -1.60182 1.05938 -3.94747 -0.0752261 0.387898
-0.529334 1.05938 0.412147 -0.0752261 0.387898 -0.529334 1.05938 -3.94747 -0.788878 0.0537423 -0.529334 1.05938 -3.94747 -0.0752261 0.0555844 -1.60182 1.05938 0.412147 1.91625 0.205608 -0.529334 1.05938 0.412147 -0.788878 0.313022 -1.60182 1.05938 -3.94747 -0.0752261 0.387898
-0.529334 1.05938 0.412147 -0.0752261 0.387898 -0.529334 1.05938 -3.94747 -0.0752261 0.0555844 -1.60182 1.05938 0.412147 -0.788878 0.182472 -0.529334 1.05938 0.412147 -0.788878 0.313022 3.8542 1.05938 2.46148 1.91625 0.117234 -1.60182 1.05938 -3.94747 -0.0752261 0.387898
-0.529334 1.05938 0.412147 -0.0752261 0.387898 -0.529334 1.05938 0.412147 -0.788878 0.313022 -0.529334 1.05938 0.412147 -0.788878 0.313022 -0.529334 1.05938 2.46148 -0.788878 0.110087 3.8542 1.05938 0.412147 1.91625 0.048033 -1.60182 1.05938 0.412147 -0.788878 0.182472
-0.529334 1.05938 0.412147 -0.0752261 0.387898 -0.529334 1.05938 0.412147 -0.788878 0.313022 -0.529334 1.05938 0.412147 -0.788878 0.313022 -2.09344 1.05938 0.412147 -0.788878 0.313022 -0.529334 1.05938 2.46148 -0.788878 0.110087 -1.60182 1.05938 0.412147 -0.788878 0.182472
-0.529334 1.05938 0.412147 -0.0752261 0.387898 3.55095 1.05938 2.46148 -0.788878 0.110087 -2.09344 1.05938 0.412147 -0.788878 0.137043 -0.529334 1.05938 0.412147 -3.16181 0.313022 -0.529334 1.05938 0.412147 -0.788878 0.313022 -0.529334 1.05938 0.412147 -4.19264 0.313022
-0.529334 1.05938 0.412147 -0.0752261 0.387898 -2.09344 2.41787 0.412147 -0.788878 0.137043 -0.529334 1.05938 0.412147 -0.788878 0.313022 -0.529334 1.05938 0.412147 -0.788878 0.313022 -0.529334 1.05938 0.412147 -4.19264 0.0496264 -0.529334 3.91545 0.412147 -3.16181 0.313022
-0.529334 1.05938 0.412147 -0.0752261 0.387898 -0.529334 1.05938 0.412147 -0.788878 0.313022 -4.33068 2.41787 0.412147 -0.788878 0.0831891 -0.529334 1.05938 0.412147 -0.788878 0.313022 3.78578 1.05938 0.412147 -0.788878 0.313022 -0.529334 1.05938 0.412147 -0.788878 0.313022
-0.529334 1.05938 0.412147 -0.0752261 0.387898 -4.81906 1.05938 0.412147 -0.788878 0.0579825 -0.529334 1.05938 0.412147 -0.788878 0.313022 3.78578 2.41787 0.412147 -0.788878 0.0455158 3.78578 1.05938 0.412147 -0.788878 0.313022 -4.33068 1.05938 0.412147 -0.788878 0.0461483
-0.529334 1.05938 0.412147 -0.0752261 0.387898 3.78578 1.05938 0.412147 -0.788878 0.0579825 -4.81906 1.05938 0.412147 -0.788878 0.0382587 3.78578 1.05938 0.412147 -0.788878 0.0579825 0.225393 1.05938 0.412147 -0.788878 0.0382587 3.78578 1.05938 0.412147 -0.788878 0.313022
-0.529334 1.05938 0.412147 -0.0752261 0.387898 3.78578 1.05938 0.412147 -0.788878 0.0579825 3.78578 1.05938 0.412147 -0.788878 0.0579825 3.78578 1.05938 1.67066 -0.788878 0.0579825 3.78578 -2.6768 0.412147 -0.788878 0.0579825 3.78578 1.05938 0.412147 -0.788878 0.313022
-0.529334 1.05938 0.412147 -0.0752261 0.387898 3.78578 3.0238 0.412147 -0.788878 0.0579825 3.78578 1.05938 1.67066 -0.788878 0.0503326 3.78578 -2.6768 0.412147 -0.788878 0.0429377 3.78578 1.93782 0.412147 -0.788878 0.0579825 3.78578 1.05938 0.412147 -0.788878 0.313022
-0.529334 1.05938 0.412147 -0.0752261 0.387898 3.78578 3.0238 0.412147 -0.788878 0.0395763 3.78578 1.05938 0.412147 -0.788878 0.0579825 3.78578 -0.991487 0.412147 -0.788878 0.0429377 3.78578 1.05938 0.412147 -0.788878 0.0579825 3.78578 1.05938 0.412147 -0.788878 0.313022
-0.529334 1.05938 0.412147 -0.0752261 0.387898 3.78578 1.05938 2.60638 -0.788878 0.0579825 0.990102 1.05938 0.412147 -0.788878 0.0579825 3.78578 3.0238 0.412147 -0.788878 0.0395763 3.78578 1.05938 0.412147 -0.788878 0.0579825 3.78578 1.05938 0.412147 -0.788878 0.0579825
-0.529334 1.05938 0.412147 -0.0752261 0.387898 3.78578 -0.912404 0.412147 -0.788878 0.0579825 3.78578 1.05938 2.60638 -0.788878 0.0418937 3.78578 1.05938 0.412147 -0.788878 0.0579825 0.990102 1.05938 0.412147 -0.788878 0.256754 3.78578 1.05938 0.412147 -0.788878 0.0579825
-0.529334 1.05938 0.412147 -0.0752261 0.387898 3.78578 1.05938 0.412147 -0.788878 0.0579825 0.990102 1.05938 0.412147 -0.788878 0.256754 3.78578 1.05938 0.412147 -0.788878 0.0579825 0.990102 1.05938 1.06285 -0.788878 0.256754 0.929335 1.05938 0.412147 -0.788878 0.256754
-0.529334 1.05938 0.412147 -0.0752261 0.387898 0.990102 -2.16405 0.412147 -0.788878 0.256754 4.04722 1.05938 0.412147 -0.788878 0.264681 0.929335 1.05938 0.412147 -0.788878 0.264681 0.929335 1.05938 0.412147 -0.788878 0.256754 0.929335 1.05938 0.412147 -0.788878 0.256754
-0.529334 1.05938 0.412147 -0.0752261 0.387898 0.929335 1.05938 0.412147 -0.788878 0.264681 0.990102 3.95955 0.412147 -0.788878 0.134128 4.04722 1.05938 0.412147 -0.788878 0.0518283 2.33873 1.05938 0.412147 -0.788878 0.264681 4.04722 1.05938 0.412147 -0.788878 0.264681
-0.529334 1.05938 0.412147 -0.0752261 0.387898 0.929335 1.05938 0.412147 -0.788878 0.264681 2.33873 1.05938 0.412147 -0.382622 0.119273 2.53201 1.05938 0.412147 -0.788878 0.0518283 4.04722 3.95955 0.412147 -0.788878 0.0295419 0.990102 1.05938 0.412147 -0.788878 0.256754
-0.529334 1.05938 0.412147 -0.0752261 0.387898 0.990102 1.05938 0.412147 -0.788878 0.256754 3.47333 1.05938 0.412147 -0.382622 0.126451 2.33873 1.05938 0.412147 -0.788878 0.119273 2.71485 1.05938 0.412147 0.85747 0.302828 0.990102 1.05938 0.412147 -0.788878 0.256754
-0.529334 1.05938 0.412147 -0.0752261 0.387898 0.990102 1.05938 0.412147 -0.788878 0.256754 2.71485 1.05938 0.412147 0.85747 0.096174 0.990102 1.05938 0.412147 -0.788878 0.256754 -4.96909 -2.39273 -0.759152 -0.788878 0.256754 0.990102 1.05938 0.412147 -0.788878 0.256754
-0.529334 1.05938 0.412147 -0.0752261 0.387898 -2.20171 1.05938 0.412147 -0.788878 0.256754 0.990102 1.05938 0.412147 -0.788878 0.256754 0.990102 1.05938 0.412147 -0.788878 0.256754 0.990102 -4.32617 0.412147 -0.788878 0.256754 0.990102 1.05938 0.412147 -0.788878 0.256754
-0.529334 1.05938 0.412147 -0.0752261 0.387898 0.990102 1.05938 0.412147 -0.788878 0.256754 -2.20171 1.08821 0.412147 -4.64409 0.128833 0.990102 1.05938 3.1492 -0.788878 0.256754 0.990102 -1.4744 0.412147 -0.788878 0.0465371 0.990102 1.05938 0.412147 -0.788878 0.256754
-0.529334 1.05938 0.412147 -0.0752261 0.387898 0.990102 1.05938 0.412147 -0.788878 0.256754 0.990102 1.05938 -2.16801 -0.788878 0.0733009 0.990102 1.05938 0.412147 -0.788878 0.256754 0.990102 1.05938 0.412147 -0.788878 0.256754 0.990102 3.59593 3.99156 -0.788878 0.256754
-0.529334 1.05938 0.412147 -0.0752261 0.387898 0.990102 1.05938 0.412147 -0.788878 0.256754 0.990102 1.05938 -4.75973 -0.788878 0.256754 0.990102 1.05938 0.412147 -0.788878 0.256754 0.990102 3.59593 0.412147 -0.788878 0.0636811 0.990102 1.05938 3.99156 -0.788878 0.0508712
-0.529334 1.05938 0.412147 -0.0752261 0.387898 0.990102 1.05938 0.412147 -0.788878 0.256754 0.990102 1.05938 -4.75973 -0.788878 0.256754 3.66473 1.05938 -4.75973 -0.788878 0.0379076 0.990102 1.05938 3.99156 -2.63536 0.0508712 0.990102 1.05938 2.3372 -0.788878 0.0508712
-0.529334 1.05938 0.412147 -0.0752261 0.387898 0.990102 1.05938 2.3372 -0.788878 0.108845 0.990102 1.05938 -4.75973 -0.788878 0.256754 0.990102 -1.63072 3.99156 -2.63536 0.0384907 -4.63166 1.05938 0.412147 -0.788878 0.256754 0.990102 1.05938 -4.75973 -0.788878 0.0379076
-0.529334 1.05938 0.412147 -0.0752261 0.387898 -4.63166 1.05938 0.412147 -0.788878 0.0410396 0.990102 1.05938 3.91884 -0.788878 0.0379076 -4.66932 1.05938 -4.75973 -0.788878 0.0379076 0.990102 1.05938 -4.75973 -0.788878 0.0379076 0.990102 1.05938 -4.75973 -0.788878 0.256754
-0.529334 1.05938 0.412147 -0.0752261 0.387898 -4.31661 1.05938 -4.75973 -0.788878 0.0379076 0.990102 1.05938 -4.75973 -0.788878 0.0379076 -4.66932 1.05938 -3.5766 2.40527 0.0379076 0.990102 1.05938 -4.75973 -0.788878 0.256754 0.990102 1.05938 -4.75973 -0.788878 0.256754
-0.529334 1.05938 0.412147 -0.0752261 0.387898 0.990102 1.05938 -4.75973 2.40527 0.0317029 -4.66932 1.05938 -3.5766 -0.788878 0.0267814 0.990102 1.05938 -4.75973 -0.788878 0.0379076 0.990102 1.05938 -4.75973 -0.788878 0.0379076 0.990102 3.25965 -4.75973 -0.788878 0.256754
-0.529334 1.05938 0.412147 -0.0752261 0.387898 4.87539 1.05938 -4.75973 -0.788878 0.0379076 -4.66932 1.05938 -1.2594 -0.788878 0.0267814 0.990102 3.25965 -4.75973 -0.788878 0.0278684 0.990102 1.05938 -4.75973 -0.788878 0.0379076 0.990102 3.25965 -4.75973 -0.788878 0.0278684
-0.529334 1.05938 0.412147 -0.0752261 0.387898 0.990102 1.05938 -4.75973 -0.788878 0.0379076 0.990102 3.25965 -4.75973 -0.818375 0.0278684 0.990102 3.25965 -4.75973 -3.80325 0.0278684 0.990102 3.25965 -0.0611816 -0.788878 0.0278684 0.990102 3.25965 -4.75973 -0.788878 0.0278684
-0.529334 1.05938 0.412147 -0.0752261 0.387898 0.990102 1.05938 -4.75973 -2.49694 0.0379076 0.990102 0.31254 -4.75973 -0.818375 0.0278316 0.990102 3.25965 -4.75973 -0.788878 0.0278684 0.990102 3.25965 -0.0611816 -0.788878 0.0278684 0.990102 3.25965 -4.75973 -0.818375 0.0278316
-0.529334 1.05938 0.412147 -0.0752261 0.387898 0.990102 -4.87621 -0.0611816 -0.788878 0.075576 0.990102 0.31254 -4.75973 -0.818375 0.0278316 0.990102 3.25965 -4.75973 -0.788878 0.0278684 0.990102 3.25965 -4.75973 -0.788878 0.0278684 0.990102 1.05938 -4.75973 -2.49694 0.0379076
-0.529334 1.05938 0.412147 -0.0752261 0.387898 0.990102 2.09398 -0.0611816 -0.788878 0.037902 0.990102 -4.87621 -0.0611816 -0.788878 0.037902 0.990102 3.25965 -2.14277 -2.49694 0.0240991 0.990102 1.05938 -4.75973 -0.788878 0.0379076 -0.478018 -4.87621 -0.0611816 -0.788878 0.075576
-0.529334 1.05938 0.412147 -0.0752261 0.387898 0.990102 2.09398 -0.0611816 -0.788878 0.143039 0.990102 -4.87621 -0.0611816 -0.788878 0.037902 0.990102 2.09398 -0.0611816 -0.788878 0.143039 0.990102 1.05938 -4.75973 -0.788878 0.0379076 -3.51869 2.09398 -0.0611816 -0.788878 0.143039
-0.529334 1.05938 0.412147 -0.0752261 0.387898 0.990102 2.09398 -0.0611816 -0.788878 0.143039 0.990102 2.09398 -0.0611816 -0.788878 0.143039 0.990102 2.09398 4.34942 -0.788878 0.143039 0.990102 2.09398 -0.0611816 -0.788878 0.143039 0.990102 2.09398 -0.0611816 -4.9721 0.143039
-0.529334 1.05938 0.412147 -0.0752261 0.387898 0.990102 2.09398 -0.0611816 -4.9721 0.0321641 2.18424 2.09398 -0.0611816 -0.788878 0.143039 0.990102 2.09398 -0.0611816 -0.788878 0.143039 0.990102 2.09398 4.34942 -0.788878 0.0386028 -3.8143 2.09398 -0.0611816 -4.9721 0.0321641
-0.529334 1.05938 0.412147 -0.0752261 0.387898 0.990102 2.09398 3.38455 -4.9721 0.0321641 -3.8143 2.09398 -0.0611816 -0.788878 0.0486388 0.990102 2.09398 -0.0611816 -0.788878 0.143039 -3.8143 2.09398 -0.0611816 -4.9721 0.0223918 -3.8143 2.09398 -0.0611816 -4.9721 0.0321641
-0.529334 1.05938 0.412147 -0.0752261 0.387898 0.990102 2.09398 -0.0611816 -0.788878 0.143039 -3.8143 2.09398 -0.0611816 -4.9721 0.0223918 0.990102 2.09398 3.38455 -4.9721 0.0235062 0.990102 -1.06683 3.38455 -4.9721 0.0235062 0.990102 2.09398 3.38455 -4.9721 0.0235062
-0.529334 1.05938 0.412147 -0.0752261 0.387898 0.990102 2.09398 -0.0611816 -0.788878 0.143039 -3.8143 2.09398 -0.0611816 -4.9721 0.0223918 0.990102 2.09398 -0.0611816 -0.788878 0.143039 0.990102 0.113003 -0.0611816 -0.788878 0.143039 0.990102 2.09398 -3.45152 -0.788878 0.143039
-0.529334 1.05938 0.412147 -0.0752261 0.387898 0.990102 2.09398 -3.45152 -0.788878 0.143039 -0.222029 2.09398 -0.0611816 -0.788878 0.143039 0.990102 2.09398 -0.0611816 -0.788878 0.143039 0.990102 2.09398 -0.0611816 -0.788878 0.143039 0.990102 2.09398 -3.55591 -0.788878 0.0529091
-0.529334 1.05938 0.412147 -0.0752261 0.387898 0.990102 2.09398 -0.0611816 -0.788878 0.143039 0.990102 2.09398 -0.0611816 -0.788878 0.143039 0.990102 2.09398 -0.0611816 -0.788878 0.143039 0.990102 2.09398 -0.0611816 -0.788878 0.143039 0.990102 1.59352 -3.45152 -0.788878 0.143039
-0.529334 1.05938 0.412147 -0.0752261 0.387898 0.990102 2.09398 -3.45152 -0.788878 0.0529091 0.990102 1.59352 -0.0611816 -0.788878 0.194337 0.990102 -4.74743 -0.0611816 -0.788878 0.143039 0.990102 2.09398 -0.0611816 -0.788878 0.143039 0.990102 2.09398 -0.0611816 -0.788878 0.143039
-0.529334 1.05938 0.412147 -0.0752261 0.387898 0.990102 1.59352 -0.0611816 -0.788878 0.194337 0.990102 -4.74743 -0.0611816 -0.788878 0.0397703 0.990102 -4.74743 -0.0611816 -0.788878 0.0397703 0.990102 -0.430261 -0.0611816 -0.788878 0.0397703 0.990102 2.09398 -0.0611816 -0.788878 0.143039
